0 info it worked if it ends with ok
1 verbose cli [ '/Users/leeblazek/.nvm/versions/node/v7.7.1/bin/node',
1 verbose cli   '/Users/leeblazek/.nvm/versions/node/v7.7.1/bin/npm',
1 verbose cli   'run',
1 verbose cli   'dev' ]
2 info using npm@4.1.2
3 info using node@v7.7.1
4 verbose run-script [ 'predev', 'dev', 'postdev' ]
5 info lifecycle angular-1.6.x-webpack-components-es6@1.0.0~predev: angular-1.6.x-webpack-components-es6@1.0.0
6 silly lifecycle angular-1.6.x-webpack-components-es6@1.0.0~predev: no script for predev, continuing
7 info lifecycle angular-1.6.x-webpack-components-es6@1.0.0~dev: angular-1.6.x-webpack-components-es6@1.0.0
8 verbose lifecycle angular-1.6.x-webpack-components-es6@1.0.0~dev: unsafe-perm in lifecycle true
9 verbose lifecycle angular-1.6.x-webpack-components-es6@1.0.0~dev: PATH: /Users/leeblazek/.nvm/versions/node/v7.7.1/lib/node_modules/npm/bin/node-gyp-bin:/Users/leeblazek/Documents/projects/angular-1.6.x-webpack-components-es6/node_modules/.bin:/Users/leeblazek/.nvm/versions/node/v7.7.1/bin:/opt/local/bin:/opt/local/sbin:/Users/leeblazek/.rbenv/shims:/usr/local/bin:/usr/bin:/bin:/usr/sbin:/sbin:/usr/local/git/bin:/usr/local/go/bin:/Users/Shared/adt-bundle-mac/sdk/platform-tools:/Users/Shared/adt-bundle-mac/sdk/tools
10 verbose lifecycle angular-1.6.x-webpack-components-es6@1.0.0~dev: CWD: /Users/leeblazek/Documents/projects/angular-1.6.x-webpack-components-es6
11 silly lifecycle angular-1.6.x-webpack-components-es6@1.0.0~dev: Args: [ '-c', 'webpack-dev-server --open' ]
12 silly lifecycle angular-1.6.x-webpack-components-es6@1.0.0~dev: Returned: code: 1  signal: null
13 info lifecycle angular-1.6.x-webpack-components-es6@1.0.0~dev: Failed to exec dev script
14 verbose stack Error: angular-1.6.x-webpack-components-es6@1.0.0 dev: `webpack-dev-server --open`
14 verbose stack Exit status 1
14 verbose stack     at EventEmitter.<anonymous> (/Users/leeblazek/.nvm/versions/node/v7.7.1/lib/node_modules/npm/lib/utils/lifecycle.js:279:16)
14 verbose stack     at emitTwo (events.js:106:13)
14 verbose stack     at EventEmitter.emit (events.js:194:7)
14 verbose stack     at ChildProcess.<anonymous> (/Users/leeblazek/.nvm/versions/node/v7.7.1/lib/node_modules/npm/lib/utils/spawn.js:40:14)
14 verbose stack     at emitTwo (events.js:106:13)
14 verbose stack     at ChildProcess.emit (events.js:194:7)
14 verbose stack     at maybeClose (internal/child_process.js:899:16)
14 verbose stack     at Process.ChildProcess._handle.onexit (internal/child_process.js:226:5)
15 verbose pkgid angular-1.6.x-webpack-components-es6@1.0.0
16 verbose cwd /Users/leeblazek/Documents/projects/angular-1.6.x-webpack-components-es6
17 error Darwin 15.6.0
18 error argv "/Users/leeblazek/.nvm/versions/node/v7.7.1/bin/node" "/Users/leeblazek/.nvm/versions/node/v7.7.1/bin/npm" "run" "dev"
19 error node v7.7.1
20 error npm  v4.1.2
21 error code ELIFECYCLE
22 error angular-1.6.x-webpack-components-es6@1.0.0 dev: `webpack-dev-server --open`
22 error Exit status 1
23 error Failed at the angular-1.6.x-webpack-components-es6@1.0.0 dev script 'webpack-dev-server --open'.
23 error Make sure you have the latest version of node.js and npm installed.
23 error If you do, this is most likely a problem with the angular-1.6.x-webpack-components-es6 package,
23 error not with npm itself.
23 error Tell the author that this fails on your system:
23 error     webpack-dev-server --open
23 error You can get information on how to open an issue for this project with:
23 error     npm bugs angular-1.6.x-webpack-components-es6
23 error Or if that isn't available, you can get their info via:
23 error     npm owner ls angular-1.6.x-webpack-components-es6
23 error There is likely additional logging output above.
24 verbose exit [ 1, true ]
